<?xml version="1.0" encoding="UTF-8"?>
<testng-results skipped="0" failed="0" ignored="0" total="1" passed="1">
  <reporter-output>
  </reporter-output>
  <suite name="Default suite" duration-ms="52061" started-at="2019-01-03T05:10:13Z" finished-at="2019-01-03T05:11:05Z">
    <groups>
    </groups>
    <test name="Default test" duration-ms="52061" started-at="2019-01-03T05:10:13Z" finished-at="2019-01-03T05:11:05Z">
      <class name="com.training.sanity.tests.wk2_CYTC_044">
        <test-method status="PASS" signature="setUpBeforeClass()[pri:0, instance:com.training.sanity.tests.wk2_CYTC_044@59f99ea]" name="setUpBeforeClass" is-config="true" duration-ms="20" started-at="2019-01-03T05:10:13Z" finished-at="2019-01-03T05:10:13Z">
          <reporter-output>
          </reporter-output>
        </test-method> <!-- setUpBeforeClass -->
        <test-method status="PASS" signature="setUp()[pri:0, instance:com.training.sanity.tests.wk2_CYTC_044@59f99ea]" name="setUp" is-config="true" duration-ms="9506" started-at="2019-01-03T05:10:13Z" finished-at="2019-01-03T05:10:22Z">
          <reporter-output>
          </reporter-output>
        </test-method> <!-- setUp -->
        <test-method status="PASS" signature="AcccountInfoView()[pri:0, instance:com.training.sanity.tests.wk2_CYTC_044@59f99ea]" name="AcccountInfoView" duration-ms="42515" started-at="2019-01-03T05:10:22Z" finished-at="2019-01-03T05:11:05Z">
          <reporter-output>
          </reporter-output>
        </test-method> <!-- AcccountInfoView -->
      </class> <!-- com.training.sanity.tests.wk2_CYTC_044 -->
    </test> <!-- Default test -->
  </suite> <!-- Default suite -->
</testng-results>
