<?xml version="1.0" encoding="UTF-8"?>
<!-- Generated by org.testng.reporters.JUnitXMLReporter -->
<testsuite hostname="pjeevana" ignored="0" name="Sample test" tests="5" failures="0" timestamp="24 Dec 2018 11:40:27 GMT" time="95.522" errors="0">
  <testcase name="changePwdTest" time="18.306" classname="com.training.sanity.tests.TC001"/>
  <testcase name="Logout" time="7.108" classname="com.training.sanity.tests.TC002"/>
  <testcase name="mbrLogin" time="14.638" classname="com.training.sanity.tests.TC003"/>
  <testcase name="newAdvt" time="18.155" classname="com.training.sanity.tests.TC004"/>
  <testcase name="removeAdvt" time="13.54" classname="com.training.sanity.tests.TC005"/>
</testsuite> <!-- Sample test -->
